[ 2020-01-22 11:01:02 ] | Сообщение: SQLSTATE[HY000] [2002] No such file or directory | Файл: /var/www/vendor/igoframework/Core/Database/Db.php | Строка: 16

->

[ 2020-01-22 11:01:07 ] | Сообщение: SQLSTATE[HY000] [2002] No such file or directory | Файл: /var/www/vendor/igoframework/Core/Database/Db.php | Строка: 16

->

[ 2020-01-22 11:01:07 ] | Сообщение: SQLSTATE[HY000] [2002] No such file or directory | Файл: /var/www/vendor/igoframework/Core/Database/Db.php | Строка: 16

->

[ 2020-01-22 11:01:07 ] | Сообщение: SQLSTATE[HY000] [2002] No such file or directory | Файл: /var/www/vendor/igoframework/Core/Database/Db.php | Строка: 16

->

[ 2020-01-22 11:01:07 ] | Сообщение: SQLSTATE[HY000] [2002] No such file or directory | Файл: /var/www/vendor/igoframework/Core/Database/Db.php | Строка: 16

->

[ 2020-01-22 11:01:07 ] | Сообщение: SQLSTATE[HY000] [2002] No such file or directory | Файл: /var/www/vendor/igoframework/Core/Database/Db.php | Строка: 16

->

[ 2020-01-22 11:01:07 ] | Сообщение: SQLSTATE[HY000] [2002] No such file or directory | Файл: /var/www/vendor/igoframework/Core/Database/Db.php | Строка: 16

->

[ 2020-01-22 11:01:07 ] | Сообщение: SQLSTATE[HY000] [2002] No such file or directory | Файл: /var/www/vendor/igoframework/Core/Database/Db.php | Строка: 16

->

[ 2020-01-22 11:01:09 ] | Сообщение: SQLSTATE[HY000] [2002] No such file or directory | Файл: /var/www/vendor/igoframework/Core/Database/Db.php | Строка: 16

->

[ 2020-01-22 11:01:09 ] | Сообщение: SQLSTATE[HY000] [2002] No such file or directory | Файл: /var/www/vendor/igoframework/Core/Database/Db.php | Строка: 16

->

[ 2020-01-22 11:01:09 ] | Сообщение: SQLSTATE[HY000] [2002] No such file or directory | Файл: /var/www/vendor/igoframework/Core/Database/Db.php | Строка: 16

->

[ 2020-01-22 11:01:09 ] | Сообщение: SQLSTATE[HY000] [2002] No such file or directory | Файл: /var/www/vendor/igoframework/Core/Database/Db.php | Строка: 16

->

[ 2020-01-22 11:01:09 ] | Сообщение: SQLSTATE[HY000] [2002] No such file or directory | Файл: /var/www/vendor/igoframework/Core/Database/Db.php | Строка: 16

->

[ 2020-01-22 11:01:09 ] | Сообщение: SQLSTATE[HY000] [2002] No such file or directory | Файл: /var/www/vendor/igoframework/Core/Database/Db.php | Строка: 16

->

[ 2020-01-22 11:01:09 ] | Сообщение: SQLSTATE[HY000] [2002] No such file or directory | Файл: /var/www/vendor/igoframework/Core/Database/Db.php | Строка: 16

->

[ 2020-01-22 11:01:09 ] | Сообщение: SQLSTATE[HY000] [2002] No such file or directory | Файл: /var/www/vendor/igoframework/Core/Database/Db.php | Строка: 16

->

[ 2020-01-22 11:01:09 ] | Сообщение: SQLSTATE[HY000] [2002] No such file or directory | Файл: /var/www/vendor/igoframework/Core/Database/Db.php | Строка: 16

->

[ 2020-01-22 11:01:09 ] | Сообщение: SQLSTATE[HY000] [2002] No such file or directory | Файл: /var/www/vendor/igoframework/Core/Database/Db.php | Строка: 16

->

[ 2020-01-22 11:01:09 ] | Сообщение: SQLSTATE[HY000] [2002] No such file or directory | Файл: /var/www/vendor/igoframework/Core/Database/Db.php | Строка: 16

->

[ 2020-01-22 11:01:09 ] | Сообщение: SQLSTATE[HY000] [2002] No such file or directory | Файл: /var/www/vendor/igoframework/Core/Database/Db.php | Строка: 16

->

[ 2020-01-22 11:01:09 ] | Сообщение: SQLSTATE[HY000] [2002] No such file or directory | Файл: /var/www/vendor/igoframework/Core/Database/Db.php | Строка: 16

->

[ 2020-01-22 11:01:09 ] | Сообщение: SQLSTATE[HY000] [2002] No such file or directory | Файл: /var/www/vendor/igoframework/Core/Database/Db.php | Строка: 16

->

[ 2020-01-22 11:01:09 ] | Сообщение: SQLSTATE[HY000] [2002] No such file or directory | Файл: /var/www/vendor/igoframework/Core/Database/Db.php | Строка: 16

->

[ 2020-01-22 11:01:09 ] | Сообщение: SQLSTATE[HY000] [2002] No such file or directory | Файл: /var/www/vendor/igoframework/Core/Database/Db.php | Строка: 16

->

[ 2020-01-22 11:01:09 ] | Сообщение: SQLSTATE[HY000] [2002] No such file or directory | Файл: /var/www/vendor/igoframework/Core/Database/Db.php | Строка: 16

->

[ 2020-01-22 11:01:09 ] | Сообщение: SQLSTATE[HY000] [2002] No such file or directory | Файл: /var/www/vendor/igoframework/Core/Database/Db.php | Строка: 16

->

[ 2020-01-22 11:01:09 ] | Сообщение: SQLSTATE[HY000] [2002] No such file or directory | Файл: /var/www/vendor/igoframework/Core/Database/Db.php | Строка: 16

->

[ 2020-01-22 11:01:09 ] | Сообщение: SQLSTATE[HY000] [2002] No such file or directory | Файл: /var/www/vendor/igoframework/Core/Database/Db.php | Строка: 16

->

[ 2020-01-22 11:01:09 ] | Сообщение: SQLSTATE[HY000] [2002] No such file or directory | Файл: /var/www/vendor/igoframework/Core/Database/Db.php | Строка: 16

->

[ 2020-01-22 11:01:09 ] | Сообщение: SQLSTATE[HY000] [2002] No such file or directory | Файл: /var/www/vendor/igoframework/Core/Database/Db.php | Строка: 16

->

[ 2020-01-22 11:01:09 ] | Сообщение: SQLSTATE[HY000] [2002] No such file or directory | Файл: /var/www/vendor/igoframework/Core/Database/Db.php | Строка: 16

->

[ 2020-01-22 11:01:10 ] | Сообщение: SQLSTATE[42S02]: Base table or view not found: 1146 Table 'mybase.comments' doesn't exist | Файл: /var/www/vendor/igoframework/Core/Database/Db.php | Строка: 77

->

[ 2020-01-22 11:01:10 ] | Сообщение: SQLSTATE[42S02]: Base table or view not found: 1146 Table 'mybase.comments' doesn't exist | Файл: /var/www/vendor/igoframework/Core/Database/Db.php | Строка: 77

->

[ 2020-01-22 11:01:10 ] | Сообщение: SQLSTATE[42S02]: Base table or view not found: 1146 Table 'mybase.comments' doesn't exist | Файл: /var/www/vendor/igoframework/Core/Database/Db.php | Строка: 77

->

[ 2020-01-22 11:01:10 ] | Сообщение: SQLSTATE[42S02]: Base table or view not found: 1146 Table 'mybase.comments' doesn't exist | Файл: /var/www/vendor/igoframework/Core/Database/Db.php | Строка: 77

->

[ 2020-01-22 11:01:10 ] | Сообщение: SQLSTATE[42S02]: Base table or view not found: 1146 Table 'mybase.comments' doesn't exist | Файл: /var/www/vendor/igoframework/Core/Database/Db.php | Строка: 77

->

[ 2020-01-22 11:01:10 ] | Сообщение: SQLSTATE[42S02]: Base table or view not found: 1146 Table 'mybase.comments' doesn't exist | Файл: /var/www/vendor/igoframework/Core/Database/Db.php | Строка: 77

->

[ 2020-01-22 11:01:10 ] | Сообщение: SQLSTATE[42S02]: Base table or view not found: 1146 Table 'mybase.comments' doesn't exist | Файл: /var/www/vendor/igoframework/Core/Database/Db.php | Строка: 77

->

[ 2020-01-22 11:01:10 ] | Сообщение: SQLSTATE[42S02]: Base table or view not found: 1146 Table 'mybase.comments' doesn't exist | Файл: /var/www/vendor/igoframework/Core/Database/Db.php | Строка: 77

->

[ 2020-01-22 11:01:10 ] | Сообщение: SQLSTATE[42S02]: Base table or view not found: 1146 Table 'mybase.comments' doesn't exist | Файл: /var/www/vendor/igoframework/Core/Database/Db.php | Строка: 77

->

[ 2020-01-22 11:01:10 ] | Сообщение: SQLSTATE[42S02]: Base table or view not found: 1146 Table 'mybase.comments' doesn't exist | Файл: /var/www/vendor/igoframework/Core/Database/Db.php | Строка: 77

->

[ 2020-01-22 11:01:10 ] | Сообщение: SQLSTATE[42S02]: Base table or view not found: 1146 Table 'mybase.comments' doesn't exist | Файл: /var/www/vendor/igoframework/Core/Database/Db.php | Строка: 77

->

[ 2020-01-22 11:01:37 ] | Сообщение: preg_match(): Unknown modifier '?' | Файл: /var/www/vendor/igoframework/Core/Routing/Router.php | Строка: 58

->

[ 2020-01-22 11:01:37 ] | Сообщение: preg_match(): Unknown modifier '?' | Файл: /var/www/vendor/igoframework/Core/Routing/Router.php | Строка: 58

->

[ 2020-01-22 12:01:59 ] | Сообщение: Экшен App\Controllers\Admin\CommentController::newsAction не найден. | Файл: /var/www/vendor/igoframework/Core/Routing/Router.php | Строка: 122

->

[ 2020-01-22 13:01:00 ] | Сообщение: SQLSTATE[42S22]: Column not found: 1054 Unknown column 'comments.user_id' in 'on clause' | Файл: /var/www/vendor/igoframework/Core/Database/Db.php | Строка: 44

->

[ 2020-01-22 13:01:00 ] | Сообщение: SQLSTATE[42S22]: Column not found: 1054 Unknown column 'comments.user_id' in 'on clause' | Файл: /var/www/vendor/igoframework/Core/Database/Db.php | Строка: 44

->

[ 2020-01-22 13:01:00 ] | Сообщение: SQLSTATE[42S22]: Column not found: 1054 Unknown column 'comments.user_id' in 'on clause' | Файл: /var/www/vendor/igoframework/Core/Database/Db.php | Строка: 44

->

[ 2020-01-22 13:01:01 ] | Сообщение: SQLSTATE[42S22]: Column not found: 1054 Unknown column 'comments.user_id' in 'on clause' | Файл: /var/www/vendor/igoframework/Core/Database/Db.php | Строка: 44

->

[ 2020-01-22 13:01:01 ] | Сообщение: SQLSTATE[42S22]: Column not found: 1054 Unknown column 'comments.user_id' in 'on clause' | Файл: /var/www/vendor/igoframework/Core/Database/Db.php | Строка: 44

->

[ 2020-01-22 13:01:08 ] | Сообщение: Экшен App\Controllers\Admin\NewsController::newsAction не найден. | Файл: /var/www/vendor/igoframework/Core/Routing/Router.php | Строка: 122

->

[ 2020-01-22 13:01:10 ] | Сообщение: Undefined index: image | Файл: /var/www/app/views/main/index.php | Строка: 24

->

[ 2020-01-22 13:01:31 ] | Сообщение: Class 'App\Controllers\Admin\Comments' not found | Файл: /var/www/app/Controllers/Admin/NewsController.php | Строка: 32

->

[ 2020-01-22 14:01:00 ] | Сообщение: Undefined index: image | Файл: /var/www/app/views/main/index.php | Строка: 24

->

[ 2020-01-22 14:01:00 ] | Сообщение: Undefined index: image | Файл: /var/www/app/views/main/index.php | Строка: 24

->

[ 2020-01-22 14:01:01 ] | Сообщение: Undefined index: image | Файл: /var/www/app/views/main/index.php | Строка: 24

->

[ 2020-01-22 14:01:01 ] | Сообщение: Undefined index: image | Файл: /var/www/app/views/main/index.php | Строка: 24

->

[ 2020-01-22 14:01:15 ] | Сообщение: A non well formed numeric value encountered | Файл: /var/www/vendor/igoframework/core/libs/functions.php | Строка: 41

->

[ 2020-01-22 14:01:25 ] | Сообщение: Контроллер App\Controllers\NewsController не найден. | Файл: /var/www/vendor/igoframework/Core/Routing/Router.php | Строка: 125

->

[ 2020-01-22 14:01:25 ] | Сообщение: Контроллер App\Controllers\NewsController не найден. | Файл: /var/www/vendor/igoframework/Core/Routing/Router.php | Строка: 125

->

[ 2020-01-22 14:01:38 ] | Сообщение: Контроллер App\Controllers\NewsController не найден. | Файл: /var/www/vendor/igoframework/Core/Routing/Router.php | Строка: 125

->

[ 2020-01-22 14:01:46 ] | Сообщение: Undefined index: id | Файл: /var/www/app/Controllers/MainController.php | Строка: 28

->

[ 2020-01-22 14:01:48 ] | Сообщение: Контроллер App\Controllers\ShowController не найден. | Файл: /var/www/vendor/igoframework/Core/Routing/Router.php | Строка: 125

->

[ 2020-01-22 14:01:49 ] | Сообщение: Контроллер App\Controllers\ShowController не найден. | Файл: /var/www/vendor/igoframework/Core/Routing/Router.php | Строка: 125

->

[ 2020-01-22 14:01:49 ] | Сообщение: Undefined index: id | Файл: /var/www/app/Controllers/MainController.php | Строка: 28

->

[ 2020-01-22 14:01:55 ] | Сообщение: Экшен App\Controllers\MainController::imagesAction не найден. | Файл: /var/www/vendor/igoframework/Core/Routing/Router.php | Строка: 122

->

[ 2020-01-22 14:01:56 ] | Сообщение: Контроллер App\Controllers\ShowController не найден. | Файл: /var/www/vendor/igoframework/Core/Routing/Router.php | Строка: 125

->

[ 2020-01-22 14:01:56 ] | Сообщение: Экшен App\Controllers\MainController::imagesAction не найден. | Файл: /var/www/vendor/igoframework/Core/Routing/Router.php | Строка: 122

->

[ 2020-01-22 14:01:57 ] | Сообщение: Экшен App\Controllers\MainController::imagesAction не найден. | Файл: /var/www/vendor/igoframework/Core/Routing/Router.php | Строка: 122

->

[ 2020-01-22 14:01:57 ] | Сообщение: Экшен App\Controllers\MainController::imagesAction не найден. | Файл: /var/www/vendor/igoframework/Core/Routing/Router.php | Строка: 122

->

[ 2020-01-22 14:01:57 ] | Сообщение: Экшен App\Controllers\MainController::imagesAction не найден. | Файл: /var/www/vendor/igoframework/Core/Routing/Router.php | Строка: 122

->

[ 2020-01-22 15:01:01 ] | Сообщение: Экшен App\Controllers\MainController::imagesAction не найден. | Файл: /var/www/vendor/igoframework/Core/Routing/Router.php | Строка: 122

->

[ 2020-01-22 15:01:01 ] | Сообщение: Экшен App\Controllers\MainController::imagesAction не найден. | Файл: /var/www/vendor/igoframework/Core/Routing/Router.php | Строка: 122

->

[ 2020-01-22 15:01:01 ] | Сообщение: Экшен App\Controllers\MainController::imagesAction не найден. | Файл: /var/www/vendor/igoframework/Core/Routing/Router.php | Строка: 122

->

[ 2020-01-22 15:01:01 ] | Сообщение: Экшен App\Controllers\MainController::imagesAction не найден. | Файл: /var/www/vendor/igoframework/Core/Routing/Router.php | Строка: 122

->

[ 2020-01-22 15:01:02 ] | Сообщение: Экшен App\Controllers\MainController::imagesAction не найден. | Файл: /var/www/vendor/igoframework/Core/Routing/Router.php | Строка: 122

->

[ 2020-01-22 15:01:02 ] | Сообщение: Экшен App\Controllers\MainController::imagesAction не найден. | Файл: /var/www/vendor/igoframework/Core/Routing/Router.php | Строка: 122

->

[ 2020-01-22 15:01:29 ] | Сообщение: Экшен App\Controllers\MainController::createAction не найден. | Файл: /var/www/vendor/igoframework/Core/Routing/Router.php | Строка: 122

->

[ 2020-01-22 15:01:30 ] | Сообщение: Контроллер App\Controllers\CreateController не найден. | Файл: /var/www/vendor/igoframework/Core/Routing/Router.php | Строка: 125

->

[ 2020-01-22 15:01:30 ] | Сообщение: Экшен App\Controllers\MainController::createAction не найден. | Файл: /var/www/vendor/igoframework/Core/Routing/Router.php | Строка: 122

->

[ 2020-01-22 15:01:30 ] | Сообщение: Контроллер App\Controllers\CreateController не найден. | Файл: /var/www/vendor/igoframework/Core/Routing/Router.php | Строка: 125

->

[ 2020-01-22 15:01:30 ] | Сообщение: Экшен App\Controllers\MainController::createAction не найден. | Файл: /var/www/vendor/igoframework/Core/Routing/Router.php | Строка: 122

->

[ 2020-01-22 16:01:00 ] | Сообщение: Экшен App\Controllers\Admin\NewsController::imagesAction не найден. | Файл: /var/www/vendor/igoframework/Core/Routing/Router.php | Строка: 122

->

[ 2020-01-22 16:01:00 ] | Сообщение: Экшен App\Controllers\Admin\NewsController::imagesAction не найден. | Файл: /var/www/vendor/igoframework/Core/Routing/Router.php | Строка: 122

->

[ 2020-01-22 16:01:00 ] | Сообщение: Экшен App\Controllers\Admin\NewsController::imagesAction не найден. | Файл: /var/www/vendor/igoframework/Core/Routing/Router.php | Строка: 122

->

[ 2020-01-22 16:01:07 ] | Сообщение: Контроллер App\Controllers\Admin\StoreController не найден. | Файл: /var/www/vendor/igoframework/Core/Routing/Router.php | Строка: 125

->

[ 2020-01-23 03:01:45 ] | Сообщение: Экшен App\Controllers\Admin\NewsController::imagesAction не найден. | Файл: /var/www/vendor/igoframework/Core/Routing/Router.php | Строка: 122

->

[ 2020-01-23 03:01:45 ] | Сообщение: Экшен App\Controllers\Admin\NewsController::imagesAction не найден. | Файл: /var/www/vendor/igoframework/Core/Routing/Router.php | Строка: 122

->

[ 2020-01-23 03:01:45 ] | Сообщение: Экшен App\Controllers\Admin\NewsController::imagesAction не найден. | Файл: /var/www/vendor/igoframework/Core/Routing/Router.php | Строка: 122

->

[ 2020-01-23 03:01:45 ] | Сообщение: Экшен App\Controllers\Admin\NewsController::imagesAction не найден. | Файл: /var/www/vendor/igoframework/Core/Routing/Router.php | Строка: 122

->

[ 2020-01-23 03:01:45 ] | Сообщение: Экшен App\Controllers\Admin\NewsController::imagesAction не найден. | Файл: /var/www/vendor/igoframework/Core/Routing/Router.php | Строка: 122

->

[ 2020-01-23 03:01:45 ] | Сообщение: Экшен App\Controllers\Admin\NewsController::imagesAction не найден. | Файл: /var/www/vendor/igoframework/Core/Routing/Router.php | Строка: 122

->

[ 2020-01-23 08:01:50 ] | Сообщение: Экшен App\Controllers\Admin\NewsController::imagesAction не найден. | Файл: /var/www/vendor/igoframework/Core/Routing/Router.php | Строка: 122

->

[ 2020-01-23 08:01:52 ] | Сообщение: Экшен App\Controllers\Admin\NewsController::imagesAction не найден. | Файл: /var/www/vendor/igoframework/Core/Routing/Router.php | Строка: 122

->

[ 2020-01-23 08:01:52 ] | Сообщение: Экшен App\Controllers\Admin\NewsController::imagesAction не найден. | Файл: /var/www/vendor/igoframework/Core/Routing/Router.php | Строка: 122

->

[ 2020-01-23 08:01:52 ] | Сообщение: Экшен App\Controllers\Admin\NewsController::imagesAction не найден. | Файл: /var/www/vendor/igoframework/Core/Routing/Router.php | Строка: 122

->

[ 2020-01-23 08:01:52 ] | Сообщение: Экшен App\Controllers\Admin\NewsController::imagesAction не найден. | Файл: /var/www/vendor/igoframework/Core/Routing/Router.php | Строка: 122

->

[ 2020-01-23 08:01:52 ] | Сообщение: Экшен App\Controllers\Admin\NewsController::imagesAction не найден. | Файл: /var/www/vendor/igoframework/Core/Routing/Router.php | Строка: 122

->

[ 2020-01-23 08:01:52 ] | Сообщение: Экшен App\Controllers\Admin\NewsController::imagesAction не найден. | Файл: /var/www/vendor/igoframework/Core/Routing/Router.php | Строка: 122

->

[ 2020-01-23 08:01:52 ] | Сообщение: Экшен App\Controllers\Admin\NewsController::imagesAction не найден. | Файл: /var/www/vendor/igoframework/Core/Routing/Router.php | Строка: 122

->

[ 2020-01-23 08:01:52 ] | Сообщение: Экшен App\Controllers\Admin\NewsController::imagesAction не найден. | Файл: /var/www/vendor/igoframework/Core/Routing/Router.php | Строка: 122

->

[ 2020-01-23 08:01:53 ] | Сообщение: Экшен App\Controllers\Admin\NewsController::imagesAction не найден. | Файл: /var/www/vendor/igoframework/Core/Routing/Router.php | Строка: 122

->

[ 2020-01-23 08:01:55 ] | Сообщение: Контроллер App\Controllers\AdinController не найден. | Файл: /var/www/vendor/igoframework/Core/Routing/Router.php | Строка: 125

->

[ 2020-01-23 09:01:03 ] | Сообщение: Экшен App\Controllers\Admin\NewsController::imagesAction не найден. | Файл: /var/www/vendor/igoframework/Core/Routing/Router.php | Строка: 122

->

[ 2020-01-23 09:01:03 ] | Сообщение: Экшен App\Controllers\Admin\NewsController::imagesAction не найден. | Файл: /var/www/vendor/igoframework/Core/Routing/Router.php | Строка: 122

->

[ 2020-01-23 09:01:03 ] | Сообщение: Экшен App\Controllers\Admin\NewsController::imagesAction не найден. | Файл: /var/www/vendor/igoframework/Core/Routing/Router.php | Строка: 122

->

[ 2020-01-23 09:01:03 ] | Сообщение: Экшен App\Controllers\Admin\NewsController::imagesAction не найден. | Файл: /var/www/vendor/igoframework/Core/Routing/Router.php | Строка: 122

->

[ 2020-01-23 09:01:03 ] | Сообщение: Экшен App\Controllers\Admin\NewsController::imagesAction не найден. | Файл: /var/www/vendor/igoframework/Core/Routing/Router.php | Строка: 122

->

[ 2020-01-23 09:01:03 ] | Сообщение: Экшен App\Controllers\Admin\NewsController::imagesAction не найден. | Файл: /var/www/vendor/igoframework/Core/Routing/Router.php | Строка: 122

->

[ 2020-01-23 09:01:03 ] | Сообщение: Экшен App\Controllers\Admin\NewsController::imagesAction не найден. | Файл: /var/www/vendor/igoframework/Core/Routing/Router.php | Строка: 122

->

[ 2020-01-23 09:01:03 ] | Сообщение: Экшен App\Controllers\Admin\NewsController::imagesAction не найден. | Файл: /var/www/vendor/igoframework/Core/Routing/Router.php | Строка: 122

->

[ 2020-01-23 09:01:03 ] | Сообщение: Экшен App\Controllers\Admin\NewsController::newsAction не найден. | Файл: /var/www/vendor/igoframework/Core/Routing/Router.php | Строка: 122

->

[ 2020-01-23 09:01:03 ] | Сообщение: Экшен App\Controllers\Admin\NewsController::imagesAction не найден. | Файл: /var/www/vendor/igoframework/Core/Routing/Router.php | Строка: 122

->

[ 2020-01-23 09:01:03 ] | Сообщение: Экшен App\Controllers\Admin\NewsController::imagesAction не найден. | Файл: /var/www/vendor/igoframework/Core/Routing/Router.php | Строка: 122

->

[ 2020-01-23 09:01:03 ] | Сообщение: Экшен App\Controllers\Admin\NewsController::imagesAction не найден. | Файл: /var/www/vendor/igoframework/Core/Routing/Router.php | Строка: 122

->

[ 2020-01-23 09:01:03 ] | Сообщение: Экшен App\Controllers\Admin\NewsController::imagesAction не найден. | Файл: /var/www/vendor/igoframework/Core/Routing/Router.php | Строка: 122

->

[ 2020-01-23 09:01:03 ] | Сообщение: Экшен App\Controllers\Admin\NewsController::imagesAction не найден. | Файл: /var/www/vendor/igoframework/Core/Routing/Router.php | Строка: 122

->

[ 2020-01-23 09:01:04 ] | Сообщение: Экшен App\Controllers\Admin\NewsController::imagesAction не найден. | Файл: /var/www/vendor/igoframework/Core/Routing/Router.php | Строка: 122

->

[ 2020-01-23 09:01:10 ] | Сообщение: Экшен App\Controllers\Admin\NewsController::createAction не найден. | Файл: /var/www/vendor/igoframework/Core/Routing/Router.php | Строка: 122

->

[ 2020-01-23 09:01:51 ] | Сообщение: Undefined index: image | Файл: /var/www/app/Models/News.php | Строка: 37

->

[ 2020-01-23 09:01:53 ] | Сообщение: Undefined index: image | Файл: /var/www/app/Models/News.php | Строка: 37

->

[ 2020-01-23 10:01:23 ] | Сообщение: htmlspecialchars() expects parameter 1 to be string, array given | Файл: /var/www/vendor/igoframework/core/libs/functions.php | Строка: 28

->

[ 2020-01-23 10:01:52 ] | Сообщение: syntax error, unexpected 'endif' (T_ENDIF) | Файл: /var/www/app/views/main/index.php | Строка: 27

->

[ 2020-01-23 12:01:03 ] | Сообщение: unlink(/var/www/public/images/): Is a directory | Файл: /var/www/app/Models/News.php | Строка: 58

->

[ 2020-01-23 12:01:08 ] | Сообщение: Контроллер App\Controllers\Admin\DeleteController не найден. | Файл: /var/www/vendor/igoframework/Core/Routing/Router.php | Строка: 125

->

[ 2020-01-23 12:01:08 ] | Сообщение: Контроллер App\Controllers\Admin\DeleteController не найден. | Файл: /var/www/vendor/igoframework/Core/Routing/Router.php | Строка: 125

->

[ 2020-01-23 12:01:08 ] | Сообщение: Контроллер App\Controllers\Admin\DeleteController не найден. | Файл: /var/www/vendor/igoframework/Core/Routing/Router.php | Строка: 125

->

[ 2020-01-23 12:01:10 ] | Сообщение: Контроллер App\Controllers\Admin\DeleteController не найден. | Файл: /var/www/vendor/igoframework/Core/Routing/Router.php | Строка: 125

->

[ 2020-01-23 12:01:10 ] | Сообщение: Контроллер App\Controllers\Admin\DeleteController не найден. | Файл: /var/www/vendor/igoframework/Core/Routing/Router.php | Строка: 125

->

[ 2020-01-23 12:01:10 ] | Сообщение: Контроллер App\Controllers\Admin\DeleteController не найден. | Файл: /var/www/vendor/igoframework/Core/Routing/Router.php | Строка: 125

->

[ 2020-01-23 12:01:10 ] | Сообщение: Контроллер App\Controllers\Admin\DeleteController не найден. | Файл: /var/www/vendor/igoframework/Core/Routing/Router.php | Строка: 125

->

[ 2020-01-23 12:01:10 ] | Сообщение: Контроллер App\Controllers\Admin\DeleteController не найден. | Файл: /var/www/vendor/igoframework/Core/Routing/Router.php | Строка: 125

->

[ 2020-01-23 12:01:11 ] | Сообщение: Экшен App\Controllers\Admin\NewsController::imagesAction не найден. | Файл: /var/www/vendor/igoframework/Core/Routing/Router.php | Строка: 122

->

[ 2020-01-23 12:01:11 ] | Сообщение: Экшен App\Controllers\Admin\NewsController::imagesAction не найден. | Файл: /var/www/vendor/igoframework/Core/Routing/Router.php | Строка: 122

->

[ 2020-01-23 12:01:11 ] | Сообщение: Контроллер App\Controllers\Admin\DeleteController не найден. | Файл: /var/www/vendor/igoframework/Core/Routing/Router.php | Строка: 125

->

[ 2020-01-23 12:01:12 ] | Сообщение: Контроллер App\Controllers\Admin\DeleteController не найден. | Файл: /var/www/vendor/igoframework/Core/Routing/Router.php | Строка: 125

->

[ 2020-01-23 12:01:12 ] | Сообщение: Контроллер App\Controllers\Admin\DeleteController не найден. | Файл: /var/www/vendor/igoframework/Core/Routing/Router.php | Строка: 125

->

[ 2020-01-23 12:01:12 ] | Сообщение: Контроллер App\Controllers\Admin\DeleteController не найден. | Файл: /var/www/vendor/igoframework/Core/Routing/Router.php | Строка: 125

->

[ 2020-01-23 12:01:13 ] | Сообщение: Контроллер App\Controllers\Admin\DeleteController не найден. | Файл: /var/www/vendor/igoframework/Core/Routing/Router.php | Строка: 125

->

[ 2020-01-23 12:01:13 ] | Сообщение: Контроллер App\Controllers\Admin\DeleteController не найден. | Файл: /var/www/vendor/igoframework/Core/Routing/Router.php | Строка: 125

->

[ 2020-01-23 12:01:16 ] | Сообщение: Контроллер App\Controllers\Admin\DeleteController не найден. | Файл: /var/www/vendor/igoframework/Core/Routing/Router.php | Строка: 125

->

[ 2020-01-23 12:01:16 ] | Сообщение: Контроллер App\Controllers\Admin\DeleteController не найден. | Файл: /var/www/vendor/igoframework/Core/Routing/Router.php | Строка: 125

->

[ 2020-01-23 12:01:18 ] | Сообщение: Контроллер App\Controllers\Admin\DeleteController не найден. | Файл: /var/www/vendor/igoframework/Core/Routing/Router.php | Строка: 125

->

[ 2020-01-23 12:01:18 ] | Сообщение: Контроллер App\Controllers\Admin\DeleteController не найден. | Файл: /var/www/vendor/igoframework/Core/Routing/Router.php | Строка: 125

->

[ 2020-01-23 12:01:18 ] | Сообщение: Контроллер App\Controllers\Admin\DeleteController не найден. | Файл: /var/www/vendor/igoframework/Core/Routing/Router.php | Строка: 125

->

